<?xml version="1.0" encoding="UTF-8"?>
<testsuite xmlns:xsi="http://www.w3.org/2001/XMLSchema-instance" xsi:noNamespaceSchemaLocation="https://maven.apache.org/surefire/maven-surefire-plugin/xsd/surefire-test-report.xsd" name="com.demo.project.demo.DemoApplicationTests" time="1.687" tests="1" errors="0" skipped="0" failures="0">
  <properties>
    <property name="gopherProxySet" value="false"/>
    <property name="awt.toolkit" value="sun.lwawt.macosx.LWCToolkit"/>
    <property name="file.encoding.pkg" value="sun.io"/>
    <property name="java.specification.version" value="1.8"/>
    <property name="sun.cpu.isalist" value=""/>
    <property name="sun.jnu.encoding" value="UTF-8"/>
    <property name="java.class.path" value="/Users/pmnjeru/Desktop/KCB/GIT/gittest/target/test-classes:/Users/pmnjeru/Desktop/KCB/GIT/gittest/target/classes:/Users/pmnjeru/.m2/repository/org/springframework/boot/spring-boot-starter-web/2.4.0-SNAPSHOT/spring-boot-starter-web-2.4.0-SNAPSHOT.jar:/Users/pmnjeru/.m2/repository/org/springframework/boot/spring-boot-starter/2.4.0-SNAPSHOT/spring-boot-starter-2.4.0-SNAPSHOT.jar:/Users/pmnjeru/.m2/repository/org/springframework/boot/spring-boot-starter-logging/2.4.0-SNAPSHOT/spring-boot-starter-logging-2.4.0-SNAPSHOT.jar:/Users/pmnjeru/.m2/repository/ch/qos/logback/logback-classic/1.2.3/logback-classic-1.2.3.jar:/Users/pmnjeru/.m2/repository/ch/qos/logback/logback-core/1.2.3/logback-core-1.2.3.jar:/Users/pmnjeru/.m2/repository/org/apache/logging/log4j/log4j-to-slf4j/2.13.3/log4j-to-slf4j-2.13.3.jar:/Users/pmnjeru/.m2/repository/org/apache/logging/log4j/log4j-api/2.13.3/log4j-api-2.13.3.jar:/Users/pmnjeru/.m2/repository/org/slf4j/jul-to-slf4j/1.7.30/jul-to-slf4j-1.7.30.jar:/Users/pmnjeru/.m2/repository/jakarta/annotation/jakarta.annotation-api/1.3.5/jakarta.annotation-api-1.3.5.jar:/Users/pmnjeru/.m2/repository/org/yaml/snakeyaml/1.27/snakeyaml-1.27.jar:/Users/pmnjeru/.m2/repository/org/springframework/boot/spring-boot-starter-json/2.4.0-SNAPSHOT/spring-boot-starter-json-2.4.0-SNAPSHOT.jar:/Users/pmnjeru/.m2/repository/com/fasterxml/jackson/core/jackson-databind/2.11.2/jackson-databind-2.11.2.jar:/Users/pmnjeru/.m2/repository/com/fasterxml/jackson/core/jackson-annotations/2.11.2/jackson-annotations-2.11.2.jar:/Users/pmnjeru/.m2/repository/com/fasterxml/jackson/core/jackson-core/2.11.2/jackson-core-2.11.2.jar:/Users/pmnjeru/.m2/repository/com/fasterxml/jackson/datatype/jackson-datatype-jdk8/2.11.2/jackson-datatype-jdk8-2.11.2.jar:/Users/pmnjeru/.m2/repository/com/fasterxml/jackson/datatype/jackson-datatype-jsr310/2.11.2/jackson-datatype-jsr310-2.11.2.jar:/Users/pmnjeru/.m2/repository/com/fasterxml/jackson/module/jackson-module-parameter-names/2.11.2/jackson-module-parameter-names-2.11.2.jar:/Users/pmnjeru/.m2/repository/org/springframework/boot/spring-boot-starter-tomcat/2.4.0-SNAPSHOT/spring-boot-starter-tomcat-2.4.0-SNAPSHOT.jar:/Users/pmnjeru/.m2/repository/org/apache/tomcat/embed/tomcat-embed-core/9.0.38/tomcat-embed-core-9.0.38.jar:/Users/pmnjeru/.m2/repository/org/glassfish/jakarta.el/3.0.3/jakarta.el-3.0.3.jar:/Users/pmnjeru/.m2/repository/org/apache/tomcat/embed/tomcat-embed-websocket/9.0.38/tomcat-embed-websocket-9.0.38.jar:/Users/pmnjeru/.m2/repository/org/springframework/spring-web/5.3.0-SNAPSHOT/spring-web-5.3.0-SNAPSHOT.jar:/Users/pmnjeru/.m2/repository/org/springframework/spring-beans/5.3.0-SNAPSHOT/spring-beans-5.3.0-SNAPSHOT.jar:/Users/pmnjeru/.m2/repository/org/springframework/spring-webmvc/5.3.0-SNAPSHOT/spring-webmvc-5.3.0-SNAPSHOT.jar:/Users/pmnjeru/.m2/repository/org/springframework/spring-aop/5.3.0-SNAPSHOT/spring-aop-5.3.0-SNAPSHOT.jar:/Users/pmnjeru/.m2/repository/org/springframework/spring-context/5.3.0-SNAPSHOT/spring-context-5.3.0-SNAPSHOT.jar:/Users/pmnjeru/.m2/repository/org/springframework/spring-expression/5.3.0-SNAPSHOT/spring-expression-5.3.0-SNAPSHOT.jar:/Users/pmnjeru/.m2/repository/org/springframework/boot/spring-boot-devtools/2.4.0-SNAPSHOT/spring-boot-devtools-2.4.0-SNAPSHOT.jar:/Users/pmnjeru/.m2/repository/org/springframework/boot/spring-boot/2.4.0-SNAPSHOT/spring-boot-2.4.0-SNAPSHOT.jar:/Users/pmnjeru/.m2/repository/org/springframework/boot/spring-boot-autoconfigure/2.4.0-SNAPSHOT/spring-boot-autoconfigure-2.4.0-SNAPSHOT.jar:/Users/pmnjeru/.m2/repository/org/springframework/boot/spring-boot-starter-test/2.4.0-SNAPSHOT/spring-boot-starter-test-2.4.0-SNAPSHOT.jar:/Users/pmnjeru/.m2/repository/org/springframework/boot/spring-boot-test/2.4.0-SNAPSHOT/spring-boot-test-2.4.0-SNAPSHOT.jar:/Users/pmnjeru/.m2/repository/org/springframework/boot/spring-boot-test-autoconfigure/2.4.0-SNAPSHOT/spring-boot-test-autoconfigure-2.4.0-SNAPSHOT.jar:/Users/pmnjeru/.m2/repository/com/jayway/jsonpath/json-path/2.4.0/json-path-2.4.0.jar:/Users/pmnjeru/.m2/repository/net/minidev/json-smart/2.3/json-smart-2.3.jar:/Users/pmnjeru/.m2/repository/net/minidev/accessors-smart/1.2/accessors-smart-1.2.jar:/Users/pmnjeru/.m2/repository/org/ow2/asm/asm/5.0.4/asm-5.0.4.jar:/Users/pmnjeru/.m2/repository/org/slf4j/slf4j-api/1.7.30/slf4j-api-1.7.30.jar:/Users/pmnjeru/.m2/repository/jakarta/xml/bind/jakarta.xml.bind-api/2.3.3/jakarta.xml.bind-api-2.3.3.jar:/Users/pmnjeru/.m2/repository/jakarta/activation/jakarta.activation-api/1.2.2/jakarta.activation-api-1.2.2.jar:/Users/pmnjeru/.m2/repository/org/assertj/assertj-core/3.17.2/assertj-core-3.17.2.jar:/Users/pmnjeru/.m2/repository/org/hamcrest/hamcrest/2.2/hamcrest-2.2.jar:/Users/pmnjeru/.m2/repository/org/junit/jupiter/junit-jupiter/5.7.0/junit-jupiter-5.7.0.jar:/Users/pmnjeru/.m2/repository/org/junit/jupiter/junit-jupiter-api/5.7.0/junit-jupiter-api-5.7.0.jar:/Users/pmnjeru/.m2/repository/org/apiguardian/apiguardian-api/1.1.0/apiguardian-api-1.1.0.jar:/Users/pmnjeru/.m2/repository/org/opentest4j/opentest4j/1.2.0/opentest4j-1.2.0.jar:/Users/pmnjeru/.m2/repository/org/junit/platform/junit-platform-commons/1.7.0/junit-platform-commons-1.7.0.jar:/Users/pmnjeru/.m2/repository/org/junit/jupiter/junit-jupiter-params/5.7.0/junit-jupiter-params-5.7.0.jar:/Users/pmnjeru/.m2/repository/org/junit/jupiter/junit-jupiter-engine/5.7.0/junit-jupiter-engine-5.7.0.jar:/Users/pmnjeru/.m2/repository/org/junit/platform/junit-platform-engine/1.7.0/junit-platform-engine-1.7.0.jar:/Users/pmnjeru/.m2/repository/org/mockito/mockito-core/3.5.10/mockito-core-3.5.10.jar:/Users/pmnjeru/.m2/repository/net/bytebuddy/byte-buddy/1.10.14/byte-buddy-1.10.14.jar:/Users/pmnjeru/.m2/repository/net/bytebuddy/byte-buddy-agent/1.10.14/byte-buddy-agent-1.10.14.jar:/Users/pmnjeru/.m2/repository/org/objenesis/objenesis/3.1/objenesis-3.1.jar:/Users/pmnjeru/.m2/repository/org/mockito/mockito-junit-jupiter/3.5.10/mockito-junit-jupiter-3.5.10.jar:/Users/pmnjeru/.m2/repository/org/skyscreamer/jsonassert/1.5.0/jsonassert-1.5.0.jar:/Users/pmnjeru/.m2/repository/com/vaadin/external/google/android-json/0.0.20131108.vaadin1/android-json-0.0.20131108.vaadin1.jar:/Users/pmnjeru/.m2/repository/org/springframework/spring-core/5.3.0-SNAPSHOT/spring-core-5.3.0-SNAPSHOT.jar:/Users/pmnjeru/.m2/repository/org/springframework/spring-jcl/5.3.0-SNAPSHOT/spring-jcl-5.3.0-SNAPSHOT.jar:/Users/pmnjeru/.m2/repository/org/springframework/spring-test/5.3.0-SNAPSHOT/spring-test-5.3.0-SNAPSHOT.jar:/Users/pmnjeru/.m2/repository/org/xmlunit/xmlunit-core/2.7.0/xmlunit-core-2.7.0.jar:"/>
    <property name="java.vm.vendor" value="Oracle Corporation"/>
    <property name="sun.arch.data.model" value="64"/>
    <property name="java.vendor.url" value="http://java.oracle.com/"/>
    <property name="user.timezone" value=""/>
    <property name="java.vm.specification.version" value="1.8"/>
    <property name="os.name" value="Mac OS X"/>
    <property name="user.country" value="KE"/>
    <property name="sun.java.launcher" value="SUN_STANDARD"/>
    <property name="sun.boot.library.path" value="/Library/Java/JavaVirtualMachines/jdk1.8.0_241.jdk/Contents/Home/jre/lib"/>
    <property name="sun.java.command" value="/Users/pmnjeru/Desktop/KCB/GIT/gittest/target/surefire/surefirebooter766251438185265577.jar /Users/pmnjeru/Desktop/KCB/GIT/gittest/target/surefire 2020-10-09T01-28-04_488-jvmRun1 surefire5643673018420519796tmp surefire_06137949363123674147tmp"/>
    <property name="http.nonProxyHosts" value="superappadmin.kcbbankgroup.com|*.superappadmin.kcbbankgroup.com|rcd.kcbgroup.com|*.rcd.kcbgroup.com|webmail.kcbgroup.com|*.webmail.kcbgroup.com|mail.kcbgroup.com|*.mail.kcbgroup.com|webmail.kcb.co.ke|*.webmail.kcb.co.ke|vooma.kcbgroup.com|*.vooma.kcbgroup.com|t24r14.kcbad.com|*.t24r14.kcbad.com|192.168.0.35|41.223.56.64|local.com|*.local.com|kcbad.com|*.kcbad.com|kcb.co.ke|*.kcb.co.ke|clientarray.kcbad.com|*.clientarray.kcbad.com|kcbad.com|*.kcbad.com|cquest.kcbad.com|*.cquest.kcbad.com|mailarchive.kcb.co.ke|*.mailarchive.kcb.co.ke|onlinebanking.kcbbankgroup.com|*.onlinebanking.kcbbankgroup.com|bankpmts.ura.go.ug|*.bankpmts.ura.go.ug|mail.nwsc.co.ug|*.mail.nwsc.co.ug|192.168.7.22|kcb.epstps.com|*.kcb.epstps.com|kcbpr-bancasrapps.kcbbankgroup.com|*.kcbpr-bancasrapps.kcbbankgroup.com|ecrm.kcbbankgroup.com|*.ecrm.kcbbankgroup.com|kcbad.com|*.kcbad.com|kcbworldweb.kcbad.com|*.kcbworldweb.kcbad.com|kcbworldhq.kcbad.com|*.kcbworldhq.kcbad.com|irecruitment.kcbbankgroup.com|*.irecruitment.kcbbankgroup.com|vooma.kcbgroup.com|*.vooma.kcbgroup.com|vooma.kcbgroup.com|*.vooma.kcbgroup.com|10.185.15.78|bios.kcbgroup.com|*.bios.kcbgroup.com|onlinebanking.kcbgroup.com|*.onlinebanking.kcbgroup.com|kcbccefinessedr.kcb.cce|*.kcbccefinessedr.kcb.cce|kcbccefinessehq.kcb.cce|*.kcbccefinessehq.kcb.cce|backendchat.kcbgroup.com|*.backendchat.kcbgroup.com|testchat.kcbgroup.com|*.testchat.kcbgroup.com|chat.kcbgroup.com|*.chat.kcbgroup.com|kepr-crm-tstdb2.kcbad.com|*.kepr-crm-tstdb2.kcbad.com|ecrm.kcbgroup.com|*.ecrm.kcbgroup.com|rcd.kcbgroup.com|*.rcd.kcbgroup.com|bpmpr.kcbgroup.com|*.bpmpr.kcbgroup.com|kcbitsm.kcbgroup.com|*.kcbitsm.kcbgroup.com|estatement.kcbgroup.com|*.estatement.kcbgroup.com|bpmrpt.kcbgroup.com|*.bpmrpt.kcbgroup.com|kcbia.kcbgroup.com|*.kcbia.kcbgroup.com|customer-insights.kcbgroup.com|*.customer-insights.kcbgroup.com|atmposmon.kcbgroup.com|*.atmposmon.kcbgroup.com|cqtest.kcbgroup.com|*.cqtest.kcbgroup.com|hrms.kcbgroup.com|*.hrms.kcbgroup.com|No|*.No|subject)|*.subject)|Davis|*.Davis|Musungu|*.Musungu|Chenge|*.Chenge|Thu|*.Thu|10/1/2020|*.10/1/2020|1:28|*.1:28|PM|*.PM|Kind|*.Kind|Regards|*.Regards|Davis|*.Davis|Chenge|*.Chenge|IT|*.IT|Applications|*.Applications|and|*.and|Asset|*.Asset|management|*.management|KCB|*.KCB|Head|*.Head|Office|*.Office|Kencom|*.Kencom|House|*.House|7th|*.7th|Floor|*.Floor|P.O|*.P.O|Box|*.Box|48400-00100|*.48400-00100|Nairobi|*.Nairobi|Cisco:|*.Cisco:|11898|*.11898|The|*.The|contents|*.contents|of|*.of|this|*.this|electronic|*.electronic|mail|*.mail|message|*.message|and|*.and|any|*.any|attachments|*.attachments|are|*.are|confidential|*.confidential|and|*.and|may|*.may|be|*.be|legally|*.legally|privileged|*.privileged|and|*.and|protected|*.protected|from|*.from|discovery|*.discovery|or|*.or|disclosure.|*.disclosure.|This|*.This|message|*.message|is|*.is|intended|*.intended|only|*.only|for|*.for|the|*.the|personal|*.personal|and|*.and|confidential|*.confidential|use|*.use|of|*.of|the|*.the|intended|*.intended|addressee.|*.addressee.|If|*.If|you|*.you|have|*.have|received|*.received|this|*.this|message|*.message|in|*.in|error|*.error|you|*.you|are|*.are|not|*.not|authorised|*.authorised|to|*.to|view|*.view|disseminate|*.disseminate|distribute|*.distribute|or|*.or|copy|*.copy|this|*.this|message|*.message|or|*.or|any|*.any|part|*.part|of|*.of|it|*.it|without|*.without|our|*.our|consent|*.consent|and|*.and|you|*.you|are|*.are|requested|*.requested|to|*.to|return|*.return|it|*.it|to|*.to|the|*.the|sender|*.sender|immediately|*.immediately|and|*.and|delete|*.delete|all|*.all|copies|*.copies|from|*.from|your|*.your|system.|*.system.|KCB|*.KCB|Group|*.Group|Limited|*.Limited|cannot|*.cannot|guarantee|*.guarantee|that|*.that|this|*.this|message|*.message|or|*.or|any|*.any|attachment|*.attachment|is|*.is|virus|*.virus|free|*.free|does|*.does|not|*.not|contain|*.contain|malicious|*.malicious|code|*.code|or|*.or|is|*.is|incompatible|*.incompatible|with|*.with|your|*.your|electronic|*.electronic|system|*.system|and|*.and|does|*.does|not|*.not|accept|*.accept|liability|*.liability|in|*.in|respect|*.respect|of|*.of|viruses|*.viruses|malicious|*.malicious|code|*.code|or|*.or|any|*.any|related|*.related|problems|*.problems|that|*.that|you|*.you|might|*.might|experience.|*.experience.|Unless|*.Unless|specifically|*.specifically|stated|*.stated|any|*.any|views|*.views|expressed|*.expressed|may|*.may|not|*.not|necessarily|*.necessarily|be|*.be|the|*.the|Group|*.Group|but|*.but|that|*.that|of|*.of|the|*.the|sender.|*.sender."/>
    <property name="surefire.test.class.path" value="/Users/pmnjeru/Desktop/KCB/GIT/gittest/target/test-classes:/Users/pmnjeru/Desktop/KCB/GIT/gittest/target/classes:/Users/pmnjeru/.m2/repository/org/springframework/boot/spring-boot-starter-web/2.4.0-SNAPSHOT/spring-boot-starter-web-2.4.0-SNAPSHOT.jar:/Users/pmnjeru/.m2/repository/org/springframework/boot/spring-boot-starter/2.4.0-SNAPSHOT/spring-boot-starter-2.4.0-SNAPSHOT.jar:/Users/pmnjeru/.m2/repository/org/springframework/boot/spring-boot-starter-logging/2.4.0-SNAPSHOT/spring-boot-starter-logging-2.4.0-SNAPSHOT.jar:/Users/pmnjeru/.m2/repository/ch/qos/logback/logback-classic/1.2.3/logback-classic-1.2.3.jar:/Users/pmnjeru/.m2/repository/ch/qos/logback/logback-core/1.2.3/logback-core-1.2.3.jar:/Users/pmnjeru/.m2/repository/org/apache/logging/log4j/log4j-to-slf4j/2.13.3/log4j-to-slf4j-2.13.3.jar:/Users/pmnjeru/.m2/repository/org/apache/logging/log4j/log4j-api/2.13.3/log4j-api-2.13.3.jar:/Users/pmnjeru/.m2/repository/org/slf4j/jul-to-slf4j/1.7.30/jul-to-slf4j-1.7.30.jar:/Users/pmnjeru/.m2/repository/jakarta/annotation/jakarta.annotation-api/1.3.5/jakarta.annotation-api-1.3.5.jar:/Users/pmnjeru/.m2/repository/org/yaml/snakeyaml/1.27/snakeyaml-1.27.jar:/Users/pmnjeru/.m2/repository/org/springframework/boot/spring-boot-starter-json/2.4.0-SNAPSHOT/spring-boot-starter-json-2.4.0-SNAPSHOT.jar:/Users/pmnjeru/.m2/repository/com/fasterxml/jackson/core/jackson-databind/2.11.2/jackson-databind-2.11.2.jar:/Users/pmnjeru/.m2/repository/com/fasterxml/jackson/core/jackson-annotations/2.11.2/jackson-annotations-2.11.2.jar:/Users/pmnjeru/.m2/repository/com/fasterxml/jackson/core/jackson-core/2.11.2/jackson-core-2.11.2.jar:/Users/pmnjeru/.m2/repository/com/fasterxml/jackson/datatype/jackson-datatype-jdk8/2.11.2/jackson-datatype-jdk8-2.11.2.jar:/Users/pmnjeru/.m2/repository/com/fasterxml/jackson/datatype/jackson-datatype-jsr310/2.11.2/jackson-datatype-jsr310-2.11.2.jar:/Users/pmnjeru/.m2/repository/com/fasterxml/jackson/module/jackson-module-parameter-names/2.11.2/jackson-module-parameter-names-2.11.2.jar:/Users/pmnjeru/.m2/repository/org/springframework/boot/spring-boot-starter-tomcat/2.4.0-SNAPSHOT/spring-boot-starter-tomcat-2.4.0-SNAPSHOT.jar:/Users/pmnjeru/.m2/repository/org/apache/tomcat/embed/tomcat-embed-core/9.0.38/tomcat-embed-core-9.0.38.jar:/Users/pmnjeru/.m2/repository/org/glassfish/jakarta.el/3.0.3/jakarta.el-3.0.3.jar:/Users/pmnjeru/.m2/repository/org/apache/tomcat/embed/tomcat-embed-websocket/9.0.38/tomcat-embed-websocket-9.0.38.jar:/Users/pmnjeru/.m2/repository/org/springframework/spring-web/5.3.0-SNAPSHOT/spring-web-5.3.0-SNAPSHOT.jar:/Users/pmnjeru/.m2/repository/org/springframework/spring-beans/5.3.0-SNAPSHOT/spring-beans-5.3.0-SNAPSHOT.jar:/Users/pmnjeru/.m2/repository/org/springframework/spring-webmvc/5.3.0-SNAPSHOT/spring-webmvc-5.3.0-SNAPSHOT.jar:/Users/pmnjeru/.m2/repository/org/springframework/spring-aop/5.3.0-SNAPSHOT/spring-aop-5.3.0-SNAPSHOT.jar:/Users/pmnjeru/.m2/repository/org/springframework/spring-context/5.3.0-SNAPSHOT/spring-context-5.3.0-SNAPSHOT.jar:/Users/pmnjeru/.m2/repository/org/springframework/spring-expression/5.3.0-SNAPSHOT/spring-expression-5.3.0-SNAPSHOT.jar:/Users/pmnjeru/.m2/repository/org/springframework/boot/spring-boot-devtools/2.4.0-SNAPSHOT/spring-boot-devtools-2.4.0-SNAPSHOT.jar:/Users/pmnjeru/.m2/repository/org/springframework/boot/spring-boot/2.4.0-SNAPSHOT/spring-boot-2.4.0-SNAPSHOT.jar:/Users/pmnjeru/.m2/repository/org/springframework/boot/spring-boot-autoconfigure/2.4.0-SNAPSHOT/spring-boot-autoconfigure-2.4.0-SNAPSHOT.jar:/Users/pmnjeru/.m2/repository/org/springframework/boot/spring-boot-starter-test/2.4.0-SNAPSHOT/spring-boot-starter-test-2.4.0-SNAPSHOT.jar:/Users/pmnjeru/.m2/repository/org/springframework/boot/spring-boot-test/2.4.0-SNAPSHOT/spring-boot-test-2.4.0-SNAPSHOT.jar:/Users/pmnjeru/.m2/repository/org/springframework/boot/spring-boot-test-autoconfigure/2.4.0-SNAPSHOT/spring-boot-test-autoconfigure-2.4.0-SNAPSHOT.jar:/Users/pmnjeru/.m2/repository/com/jayway/jsonpath/json-path/2.4.0/json-path-2.4.0.jar:/Users/pmnjeru/.m2/repository/net/minidev/json-smart/2.3/json-smart-2.3.jar:/Users/pmnjeru/.m2/repository/net/minidev/accessors-smart/1.2/accessors-smart-1.2.jar:/Users/pmnjeru/.m2/repository/org/ow2/asm/asm/5.0.4/asm-5.0.4.jar:/Users/pmnjeru/.m2/repository/org/slf4j/slf4j-api/1.7.30/slf4j-api-1.7.30.jar:/Users/pmnjeru/.m2/repository/jakarta/xml/bind/jakarta.xml.bind-api/2.3.3/jakarta.xml.bind-api-2.3.3.jar:/Users/pmnjeru/.m2/repository/jakarta/activation/jakarta.activation-api/1.2.2/jakarta.activation-api-1.2.2.jar:/Users/pmnjeru/.m2/repository/org/assertj/assertj-core/3.17.2/assertj-core-3.17.2.jar:/Users/pmnjeru/.m2/repository/org/hamcrest/hamcrest/2.2/hamcrest-2.2.jar:/Users/pmnjeru/.m2/repository/org/junit/jupiter/junit-jupiter/5.7.0/junit-jupiter-5.7.0.jar:/Users/pmnjeru/.m2/repository/org/junit/jupiter/junit-jupiter-api/5.7.0/junit-jupiter-api-5.7.0.jar:/Users/pmnjeru/.m2/repository/org/apiguardian/apiguardian-api/1.1.0/apiguardian-api-1.1.0.jar:/Users/pmnjeru/.m2/repository/org/opentest4j/opentest4j/1.2.0/opentest4j-1.2.0.jar:/Users/pmnjeru/.m2/repository/org/junit/platform/junit-platform-commons/1.7.0/junit-platform-commons-1.7.0.jar:/Users/pmnjeru/.m2/repository/org/junit/jupiter/junit-jupiter-params/5.7.0/junit-jupiter-params-5.7.0.jar:/Users/pmnjeru/.m2/repository/org/junit/jupiter/junit-jupiter-engine/5.7.0/junit-jupiter-engine-5.7.0.jar:/Users/pmnjeru/.m2/repository/org/junit/platform/junit-platform-engine/1.7.0/junit-platform-engine-1.7.0.jar:/Users/pmnjeru/.m2/repository/org/mockito/mockito-core/3.5.10/mockito-core-3.5.10.jar:/Users/pmnjeru/.m2/repository/net/bytebuddy/byte-buddy/1.10.14/byte-buddy-1.10.14.jar:/Users/pmnjeru/.m2/repository/net/bytebuddy/byte-buddy-agent/1.10.14/byte-buddy-agent-1.10.14.jar:/Users/pmnjeru/.m2/repository/org/objenesis/objenesis/3.1/objenesis-3.1.jar:/Users/pmnjeru/.m2/repository/org/mockito/mockito-junit-jupiter/3.5.10/mockito-junit-jupiter-3.5.10.jar:/Users/pmnjeru/.m2/repository/org/skyscreamer/jsonassert/1.5.0/jsonassert-1.5.0.jar:/Users/pmnjeru/.m2/repository/com/vaadin/external/google/android-json/0.0.20131108.vaadin1/android-json-0.0.20131108.vaadin1.jar:/Users/pmnjeru/.m2/repository/org/springframework/spring-core/5.3.0-SNAPSHOT/spring-core-5.3.0-SNAPSHOT.jar:/Users/pmnjeru/.m2/repository/org/springframework/spring-jcl/5.3.0-SNAPSHOT/spring-jcl-5.3.0-SNAPSHOT.jar:/Users/pmnjeru/.m2/repository/org/springframework/spring-test/5.3.0-SNAPSHOT/spring-test-5.3.0-SNAPSHOT.jar:/Users/pmnjeru/.m2/repository/org/xmlunit/xmlunit-core/2.7.0/xmlunit-core-2.7.0.jar:"/>
    <property name="sun.cpu.endian" value="little"/>
    <property name="user.home" value="/Users/pmnjeru"/>
    <property name="user.language" value="en"/>
    <property name="java.specification.vendor" value="Oracle Corporation"/>
    <property name="java.home" value="/Library/Java/JavaVirtualMachines/jdk1.8.0_241.jdk/Contents/Home/jre"/>
    <property name="basedir" value="/Users/pmnjeru/Desktop/KCB/GIT/gittest"/>
    <property name="file.separator" value="/"/>
    <property name="line.separator" value="&#10;"/>
    <property name="java.vm.specification.vendor" value="Oracle Corporation"/>
    <property name="java.specification.name" value="Java Platform API Specification"/>
    <property name="java.awt.graphicsenv" value="sun.awt.CGraphicsEnvironment"/>
    <property name="surefire.real.class.path" value="/Users/pmnjeru/Desktop/KCB/GIT/gittest/target/surefire/surefirebooter766251438185265577.jar"/>
    <property name="sun.boot.class.path" value="/Library/Java/JavaVirtualMachines/jdk1.8.0_241.jdk/Contents/Home/jre/lib/resources.jar:/Library/Java/JavaVirtualMachines/jdk1.8.0_241.jdk/Contents/Home/jre/lib/rt.jar:/Library/Java/JavaVirtualMachines/jdk1.8.0_241.jdk/Contents/Home/jre/lib/sunrsasign.jar:/Library/Java/JavaVirtualMachines/jdk1.8.0_241.jdk/Contents/Home/jre/lib/jsse.jar:/Library/Java/JavaVirtualMachines/jdk1.8.0_241.jdk/Contents/Home/jre/lib/jce.jar:/Library/Java/JavaVirtualMachines/jdk1.8.0_241.jdk/Contents/Home/jre/lib/charsets.jar:/Library/Java/JavaVirtualMachines/jdk1.8.0_241.jdk/Contents/Home/jre/lib/jfr.jar:/Library/Java/JavaVirtualMachines/jdk1.8.0_241.jdk/Contents/Home/jre/classes"/>
    <property name="sun.management.compiler" value="HotSpot 64-Bit Tiered Compilers"/>
    <property name="ftp.nonProxyHosts" value="superappadmin.kcbbankgroup.com|*.superappadmin.kcbbankgroup.com|rcd.kcbgroup.com|*.rcd.kcbgroup.com|webmail.kcbgroup.com|*.webmail.kcbgroup.com|mail.kcbgroup.com|*.mail.kcbgroup.com|webmail.kcb.co.ke|*.webmail.kcb.co.ke|vooma.kcbgroup.com|*.vooma.kcbgroup.com|t24r14.kcbad.com|*.t24r14.kcbad.com|192.168.0.35|41.223.56.64|local.com|*.local.com|kcbad.com|*.kcbad.com|kcb.co.ke|*.kcb.co.ke|clientarray.kcbad.com|*.clientarray.kcbad.com|kcbad.com|*.kcbad.com|cquest.kcbad.com|*.cquest.kcbad.com|mailarchive.kcb.co.ke|*.mailarchive.kcb.co.ke|onlinebanking.kcbbankgroup.com|*.onlinebanking.kcbbankgroup.com|bankpmts.ura.go.ug|*.bankpmts.ura.go.ug|mail.nwsc.co.ug|*.mail.nwsc.co.ug|192.168.7.22|kcb.epstps.com|*.kcb.epstps.com|kcbpr-bancasrapps.kcbbankgroup.com|*.kcbpr-bancasrapps.kcbbankgroup.com|ecrm.kcbbankgroup.com|*.ecrm.kcbbankgroup.com|kcbad.com|*.kcbad.com|kcbworldweb.kcbad.com|*.kcbworldweb.kcbad.com|kcbworldhq.kcbad.com|*.kcbworldhq.kcbad.com|irecruitment.kcbbankgroup.com|*.irecruitment.kcbbankgroup.com|vooma.kcbgroup.com|*.vooma.kcbgroup.com|vooma.kcbgroup.com|*.vooma.kcbgroup.com|10.185.15.78|bios.kcbgroup.com|*.bios.kcbgroup.com|onlinebanking.kcbgroup.com|*.onlinebanking.kcbgroup.com|kcbccefinessedr.kcb.cce|*.kcbccefinessedr.kcb.cce|kcbccefinessehq.kcb.cce|*.kcbccefinessehq.kcb.cce|backendchat.kcbgroup.com|*.backendchat.kcbgroup.com|testchat.kcbgroup.com|*.testchat.kcbgroup.com|chat.kcbgroup.com|*.chat.kcbgroup.com|kepr-crm-tstdb2.kcbad.com|*.kepr-crm-tstdb2.kcbad.com|ecrm.kcbgroup.com|*.ecrm.kcbgroup.com|rcd.kcbgroup.com|*.rcd.kcbgroup.com|bpmpr.kcbgroup.com|*.bpmpr.kcbgroup.com|kcbitsm.kcbgroup.com|*.kcbitsm.kcbgroup.com|estatement.kcbgroup.com|*.estatement.kcbgroup.com|bpmrpt.kcbgroup.com|*.bpmrpt.kcbgroup.com|kcbia.kcbgroup.com|*.kcbia.kcbgroup.com|customer-insights.kcbgroup.com|*.customer-insights.kcbgroup.com|atmposmon.kcbgroup.com|*.atmposmon.kcbgroup.com|cqtest.kcbgroup.com|*.cqtest.kcbgroup.com|hrms.kcbgroup.com|*.hrms.kcbgroup.com|No|*.No|subject)|*.subject)|Davis|*.Davis|Musungu|*.Musungu|Chenge|*.Chenge|Thu|*.Thu|10/1/2020|*.10/1/2020|1:28|*.1:28|PM|*.PM|Kind|*.Kind|Regards|*.Regards|Davis|*.Davis|Chenge|*.Chenge|IT|*.IT|Applications|*.Applications|and|*.and|Asset|*.Asset|management|*.management|KCB|*.KCB|Head|*.Head|Office|*.Office|Kencom|*.Kencom|House|*.House|7th|*.7th|Floor|*.Floor|P.O|*.P.O|Box|*.Box|48400-00100|*.48400-00100|Nairobi|*.Nairobi|Cisco:|*.Cisco:|11898|*.11898|The|*.The|contents|*.contents|of|*.of|this|*.this|electronic|*.electronic|mail|*.mail|message|*.message|and|*.and|any|*.any|attachments|*.attachments|are|*.are|confidential|*.confidential|and|*.and|may|*.may|be|*.be|legally|*.legally|privileged|*.privileged|and|*.and|protected|*.protected|from|*.from|discovery|*.discovery|or|*.or|disclosure.|*.disclosure.|This|*.This|message|*.message|is|*.is|intended|*.intended|only|*.only|for|*.for|the|*.the|personal|*.personal|and|*.and|confidential|*.confidential|use|*.use|of|*.of|the|*.the|intended|*.intended|addressee.|*.addressee.|If|*.If|you|*.you|have|*.have|received|*.received|this|*.this|message|*.message|in|*.in|error|*.error|you|*.you|are|*.are|not|*.not|authorised|*.authorised|to|*.to|view|*.view|disseminate|*.disseminate|distribute|*.distribute|or|*.or|copy|*.copy|this|*.this|message|*.message|or|*.or|any|*.any|part|*.part|of|*.of|it|*.it|without|*.without|our|*.our|consent|*.consent|and|*.and|you|*.you|are|*.are|requested|*.requested|to|*.to|return|*.return|it|*.it|to|*.to|the|*.the|sender|*.sender|immediately|*.immediately|and|*.and|delete|*.delete|all|*.all|copies|*.copies|from|*.from|your|*.your|system.|*.system.|KCB|*.KCB|Group|*.Group|Limited|*.Limited|cannot|*.cannot|guarantee|*.guarantee|that|*.that|this|*.this|message|*.message|or|*.or|any|*.any|attachment|*.attachment|is|*.is|virus|*.virus|free|*.free|does|*.does|not|*.not|contain|*.contain|malicious|*.malicious|code|*.code|or|*.or|is|*.is|incompatible|*.incompatible|with|*.with|your|*.your|electronic|*.electronic|system|*.system|and|*.and|does|*.does|not|*.not|accept|*.accept|liability|*.liability|in|*.in|respect|*.respect|of|*.of|viruses|*.viruses|malicious|*.malicious|code|*.code|or|*.or|any|*.any|related|*.related|problems|*.problems|that|*.that|you|*.you|might|*.might|experience.|*.experience.|Unless|*.Unless|specifically|*.specifically|stated|*.stated|any|*.any|views|*.views|expressed|*.expressed|may|*.may|not|*.not|necessarily|*.necessarily|be|*.be|the|*.the|Group|*.Group|but|*.but|that|*.that|of|*.of|the|*.the|sender.|*.sender."/>
    <property name="java.runtime.version" value="1.8.0_241-b07"/>
    <property name="user.name" value="pmnjeru"/>
    <property name="path.separator" value=":"/>
    <property name="os.version" value="10.15.5"/>
    <property name="java.endorsed.dirs" value="/Library/Java/JavaVirtualMachines/jdk1.8.0_241.jdk/Contents/Home/jre/lib/endorsed"/>
    <property name="java.runtime.name" value="Java(TM) SE Runtime Environment"/>
    <property name="file.encoding" value="UTF-8"/>
    <property name="java.vm.name" value="Java HotSpot(TM) 64-Bit Server VM"/>
    <property name="localRepository" value="/Users/pmnjeru/.m2/repository"/>
    <property name="java.vendor.url.bug" value="http://bugreport.sun.com/bugreport/"/>
    <property name="java.io.tmpdir" value="/var/folders/2l/nbjwkzw95nbc8y9kd2j7v0h0_fnf7k/T/"/>
    <property name="java.version" value="1.8.0_241"/>
    <property name="user.dir" value="/Users/pmnjeru/Desktop/KCB/GIT/gittest"/>
    <property name="os.arch" value="x86_64"/>
    <property name="java.vm.specification.name" value="Java Virtual Machine Specification"/>
    <property name="java.awt.printerjob" value="sun.lwawt.macosx.CPrinterJob"/>
    <property name="sun.os.patch.level" value="unknown"/>
    <property name="java.library.path" value="/Users/pmnjeru/Library/Java/Extensions:/Library/Java/Extensions:/Network/Library/Java/Extensions:/System/Library/Java/Extensions:/usr/lib/java:."/>
    <property name="java.vm.info" value="mixed mode"/>
    <property name="java.vendor" value="Oracle Corporation"/>
    <property name="java.vm.version" value="25.241-b07"/>
    <property name="java.ext.dirs" value="/Users/pmnjeru/Library/Java/Extensions:/Library/Java/JavaVirtualMachines/jdk1.8.0_241.jdk/Contents/Home/jre/lib/ext:/Library/Java/Extensions:/Network/Library/Java/Extensions:/System/Library/Java/Extensions:/usr/lib/java"/>
    <property name="sun.io.unicode.encoding" value="UnicodeBig"/>
    <property name="java.class.version" value="52.0"/>
    <property name="socksNonProxyHosts" value="superappadmin.kcbbankgroup.com|*.superappadmin.kcbbankgroup.com|rcd.kcbgroup.com|*.rcd.kcbgroup.com|webmail.kcbgroup.com|*.webmail.kcbgroup.com|mail.kcbgroup.com|*.mail.kcbgroup.com|webmail.kcb.co.ke|*.webmail.kcb.co.ke|vooma.kcbgroup.com|*.vooma.kcbgroup.com|t24r14.kcbad.com|*.t24r14.kcbad.com|192.168.0.35|41.223.56.64|local.com|*.local.com|kcbad.com|*.kcbad.com|kcb.co.ke|*.kcb.co.ke|clientarray.kcbad.com|*.clientarray.kcbad.com|kcbad.com|*.kcbad.com|cquest.kcbad.com|*.cquest.kcbad.com|mailarchive.kcb.co.ke|*.mailarchive.kcb.co.ke|onlinebanking.kcbbankgroup.com|*.onlinebanking.kcbbankgroup.com|bankpmts.ura.go.ug|*.bankpmts.ura.go.ug|mail.nwsc.co.ug|*.mail.nwsc.co.ug|192.168.7.22|kcb.epstps.com|*.kcb.epstps.com|kcbpr-bancasrapps.kcbbankgroup.com|*.kcbpr-bancasrapps.kcbbankgroup.com|ecrm.kcbbankgroup.com|*.ecrm.kcbbankgroup.com|kcbad.com|*.kcbad.com|kcbworldweb.kcbad.com|*.kcbworldweb.kcbad.com|kcbworldhq.kcbad.com|*.kcbworldhq.kcbad.com|irecruitment.kcbbankgroup.com|*.irecruitment.kcbbankgroup.com|vooma.kcbgroup.com|*.vooma.kcbgroup.com|vooma.kcbgroup.com|*.vooma.kcbgroup.com|10.185.15.78|bios.kcbgroup.com|*.bios.kcbgroup.com|onlinebanking.kcbgroup.com|*.onlinebanking.kcbgroup.com|kcbccefinessedr.kcb.cce|*.kcbccefinessedr.kcb.cce|kcbccefinessehq.kcb.cce|*.kcbccefinessehq.kcb.cce|backendchat.kcbgroup.com|*.backendchat.kcbgroup.com|testchat.kcbgroup.com|*.testchat.kcbgroup.com|chat.kcbgroup.com|*.chat.kcbgroup.com|kepr-crm-tstdb2.kcbad.com|*.kepr-crm-tstdb2.kcbad.com|ecrm.kcbgroup.com|*.ecrm.kcbgroup.com|rcd.kcbgroup.com|*.rcd.kcbgroup.com|bpmpr.kcbgroup.com|*.bpmpr.kcbgroup.com|kcbitsm.kcbgroup.com|*.kcbitsm.kcbgroup.com|estatement.kcbgroup.com|*.estatement.kcbgroup.com|bpmrpt.kcbgroup.com|*.bpmrpt.kcbgroup.com|kcbia.kcbgroup.com|*.kcbia.kcbgroup.com|customer-insights.kcbgroup.com|*.customer-insights.kcbgroup.com|atmposmon.kcbgroup.com|*.atmposmon.kcbgroup.com|cqtest.kcbgroup.com|*.cqtest.kcbgroup.com|hrms.kcbgroup.com|*.hrms.kcbgroup.com|No|*.No|subject)|*.subject)|Davis|*.Davis|Musungu|*.Musungu|Chenge|*.Chenge|Thu|*.Thu|10/1/2020|*.10/1/2020|1:28|*.1:28|PM|*.PM|Kind|*.Kind|Regards|*.Regards|Davis|*.Davis|Chenge|*.Chenge|IT|*.IT|Applications|*.Applications|and|*.and|Asset|*.Asset|management|*.management|KCB|*.KCB|Head|*.Head|Office|*.Office|Kencom|*.Kencom|House|*.House|7th|*.7th|Floor|*.Floor|P.O|*.P.O|Box|*.Box|48400-00100|*.48400-00100|Nairobi|*.Nairobi|Cisco:|*.Cisco:|11898|*.11898|The|*.The|contents|*.contents|of|*.of|this|*.this|electronic|*.electronic|mail|*.mail|message|*.message|and|*.and|any|*.any|attachments|*.attachments|are|*.are|confidential|*.confidential|and|*.and|may|*.may|be|*.be|legally|*.legally|privileged|*.privileged|and|*.and|protected|*.protected|from|*.from|discovery|*.discovery|or|*.or|disclosure.|*.disclosure.|This|*.This|message|*.message|is|*.is|intended|*.intended|only|*.only|for|*.for|the|*.the|personal|*.personal|and|*.and|confidential|*.confidential|use|*.use|of|*.of|the|*.the|intended|*.intended|addressee.|*.addressee.|If|*.If|you|*.you|have|*.have|received|*.received|this|*.this|message|*.message|in|*.in|error|*.error|you|*.you|are|*.are|not|*.not|authorised|*.authorised|to|*.to|view|*.view|disseminate|*.disseminate|distribute|*.distribute|or|*.or|copy|*.copy|this|*.this|message|*.message|or|*.or|any|*.any|part|*.part|of|*.of|it|*.it|without|*.without|our|*.our|consent|*.consent|and|*.and|you|*.you|are|*.are|requested|*.requested|to|*.to|return|*.return|it|*.it|to|*.to|the|*.the|sender|*.sender|immediately|*.immediately|and|*.and|delete|*.delete|all|*.all|copies|*.copies|from|*.from|your|*.your|system.|*.system.|KCB|*.KCB|Group|*.Group|Limited|*.Limited|cannot|*.cannot|guarantee|*.guarantee|that|*.that|this|*.this|message|*.message|or|*.or|any|*.any|attachment|*.attachment|is|*.is|virus|*.virus|free|*.free|does|*.does|not|*.not|contain|*.contain|malicious|*.malicious|code|*.code|or|*.or|is|*.is|incompatible|*.incompatible|with|*.with|your|*.your|electronic|*.electronic|system|*.system|and|*.and|does|*.does|not|*.not|accept|*.accept|liability|*.liability|in|*.in|respect|*.respect|of|*.of|viruses|*.viruses|malicious|*.malicious|code|*.code|or|*.or|any|*.any|related|*.related|problems|*.problems|that|*.that|you|*.you|might|*.might|experience.|*.experience.|Unless|*.Unless|specifically|*.specifically|stated|*.stated|any|*.any|views|*.views|expressed|*.expressed|may|*.may|not|*.not|necessarily|*.necessarily|be|*.be|the|*.the|Group|*.Group|but|*.but|that|*.that|of|*.of|the|*.the|sender.|*.sender."/>
  </properties>
  <testcase name="contextLoads" classname="com.demo.project.demo.DemoApplicationTests" time="0.174"/>
</testsuite>